============================= test session starts ==============================
platform linux -- Python 3.12.12, pytest-9.0.2, pluggy-1.6.0 -- /home/jules/.pyenv/versions/3.12.12/bin/python
cachedir: .pytest_cache
rootdir: /app
collecting ... collected 2 items

tests/test_api.py::TestAPI::test_polygons_endpoint PASSED                [ 50%]
tests/test_api.py::TestAPI::test_risk_endpoint FAILED                    [100%]

=================================== FAILURES ===================================
__________________________ TestAPI.test_risk_endpoint __________________________

self = <test_api.TestAPI testMethod=test_risk_endpoint>

    def test_risk_endpoint(self):
        response = self.app.get('/api/risk')
>       self.assertEqual(response.status_code, 200)
E       AssertionError: 503 != 200

tests/test_api.py:23: AssertionError
=============================== warnings summary ===============================
src/llm_service.py:17
  /app/src/llm_service.py:17: FutureWarning:

  All support for the `google.generativeai` package has ended. It will no longer be receiving
  updates or bug fixes. Please switch to the `google.genai` package as soon as possible.
  See README for more details:

  https://github.com/google-gemini/deprecated-generative-ai-python/blob/main/README.md

    import google.generativeai as genai

-- Docs: https://docs.pytest.org/en/stable/how-to/capture-warnings.html
=========================== short test summary info ============================
FAILED tests/test_api.py::TestAPI::test_risk_endpoint - AssertionError: 503 !...
==================== 1 failed, 1 passed, 1 warning in 9.21s ====================
